<?xml version="1.0" encoding="UTF-8"?>
<!-- Generated by org.testng.reporters.JUnitReportReporter -->
<testsuite hostname="ADMIN-PC" name="Com.Selenium.Basepage.Test_demo" tests="1" failures="0" timestamp="14 Dec 2017 06:56:45 GMT" time="0.019" errors="0">
  <testcase name="m1" time="0.019" classname="Com.Selenium.Basepage.Test_demo"/>
</testsuite> <!-- Com.Selenium.Basepage.Test_demo -->
